#
# There is insufficient memory for the Java Runtime Environment to continue.
# Native memory allocation (malloc) failed to allocate 78080 bytes for Chunk::new
# Possible reasons:
#   The system is out of physical RAM or swap space
#   In 32 bit mode, the process size limit was hit
# Possible solutions:
#   Reduce memory load on the system
#   Increase physical memory or swap space
#   Check if swap backing store is full
#   Use 64 bit Java on a 64 bit OS
#   Decrease Java heap size (-Xmx/-Xms)
#   Decrease number of Java threads
#   Decrease Java thread stack sizes (-Xss)
#   Set larger code cache with -XX:ReservedCodeCacheSize=
# This output file may be truncated or incomplete.
#
#  Out of Memory Error (allocation.cpp:390), pid=17716, tid=0x0000000000001bf4
#
# JRE version: OpenJDK Runtime Environment (8.0_152-b01) (build 1.8.0_152-release-1343-b01)
# Java VM: OpenJDK 64-Bit Server VM (25.152-b01 mixed mode windows-amd64 compressed oops)
# Failed to write core dump. Minidumps are not enabled by default on client versions of Windows
#

---------------  T H R E A D  ---------------

Current thread (0x0000000015ee9000):  JavaThread "C2 CompilerThread0" daemon [_thread_in_native, id=7156, stack(0x0000000017520000,0x0000000017620000)]

Stack: [0x0000000017520000,0x0000000017620000]
[error occurred during error reporting (printing stack bounds), id 0xc0000005]

Native frames: (J=compiled Java code, j=interpreted, Vv=VM code, C=native code)


Current CompileTask:
C2:  49338 3807       4       java.util.regex.Pattern::compile (406 bytes)


---------------  P R O C E S S  ---------------

Java Threads: ( => current thread )
  0x000000001e2c0800 JavaThread "Cache worker for Build Output Cleanup Cache (C:\Users\Dinesh\AndroidStudioProjects\Handouts\.gradle\buildOutputCleanup)" [_thread_blocked, id=37608, stack(0x0000000021f90000,0x0000000022090000)]
  0x000000001e2ba000 JavaThread "pool-1-thread-1" [_thread_blocked, id=33832, stack(0x0000000021c90000,0x0000000021d90000)]
  0x000000001e2bc000 JavaThread "Build operations Thread 4" [_thread_blocked, id=30968, stack(0x0000000021790000,0x0000000021890000)]
  0x000000001e2bd000 JavaThread "Build operations Thread 3" [_thread_blocked, id=20212, stack(0x0000000021690000,0x0000000021790000)]
  0x000000001e2bb800 JavaThread "Build operations Thread 2" [_thread_blocked, id=17980, stack(0x0000000021590000,0x0000000021690000)]
  0x000000001e2b9000 JavaThread "Build operations" [_thread_blocked, id=22492, stack(0x0000000021490000,0x0000000021590000)]
  0x00000000192a1800 JavaThread "Cache worker for execution history cache (C:\Users\Dinesh\.gradle\caches\5.1.1\executionHistory)" [_thread_blocked, id=13076, stack(0x000000001f680000,0x000000001f780000)]
  0x00000000192a0000 JavaThread "Cache worker for cache directory md-rule (C:\Users\Dinesh\.gradle\caches\5.1.1\md-rule)" [_thread_blocked, id=23176, stack(0x000000001e0e0000,0x000000001e1e0000)]
  0x00000000192a1000 JavaThread "Cache worker for cache directory md-supplier (C:\Users\Dinesh\.gradle\caches\5.1.1\md-supplier)" [_thread_blocked, id=13036, stack(0x000000001cd60000,0x000000001ce60000)]
  0x000000001929e000 JavaThread "Cache worker for file hash cache (C:\Users\Dinesh\AndroidStudioProjects\Handouts\.gradle\5.1.1\fileHashes)" [_thread_blocked, id=31560, stack(0x000000001dee0000,0x000000001dfe0000)]
  0x000000001929b800 JavaThread "Cache worker for journal cache (C:\Users\Dinesh\.gradle\caches\journal-1)" [_thread_blocked, id=28188, stack(0x000000001a8c0000,0x000000001a9c0000)]
  0x000000001929b000 JavaThread "File lock request listener" [_thread_in_native, id=13816, stack(0x000000001a7c0000,0x000000001a8c0000)]
  0x0000000018137000 JavaThread "Cache worker for file hash cache (C:\Users\Dinesh\.gradle\caches\5.1.1\fileHashes)" [_thread_blocked, id=27940, stack(0x000000001a6c0000,0x000000001a7c0000)]
  0x0000000017a5d800 JavaThread "Thread-8" [_thread_blocked, id=13464, stack(0x000000001a5c0000,0x000000001a6c0000)]
  0x00000000186bc000 JavaThread "Stdin handler" [_thread_blocked, id=17440, stack(0x000000001a4c0000,0x000000001a5c0000)]
  0x00000000186ba800 JavaThread "Asynchronous log dispatcher for DefaultDaemonConnection: socket connection from /127.0.0.1:54936 to /127.0.0.1:54937" [_thread_blocked, id=2676, stack(0x000000001a3c0000,0x000000001a4c0000)]
  0x00000000186c6800 JavaThread "Daemon worker" [_thread_in_native, id=6352, stack(0x000000001a2c0000,0x000000001a3c0000)]
  0x0000000017a63000 JavaThread "Cancel handler" [_thread_blocked, id=26040, stack(0x000000001a1c0000,0x000000001a2c0000)]
  0x0000000018418000 JavaThread "Handler for socket connection from /127.0.0.1:54936 to /127.0.0.1:54937" [_thread_in_native, id=5660, stack(0x0000000019ec0000,0x0000000019fc0000)]
  0x0000000018417800 JavaThread "Daemon" [_thread_blocked, id=35176, stack(0x0000000019dc0000,0x0000000019ec0000)]
  0x000000001853f800 JavaThread "Daemon periodic checks" [_thread_blocked, id=6800, stack(0x0000000019cc0000,0x0000000019dc0000)]
  0x0000000018536800 JavaThread "Incoming local TCP Connector on port 54936" [_thread_in_native, id=9292, stack(0x0000000019ad0000,0x0000000019bd0000)]
  0x0000000017840800 JavaThread "Service Thread" daemon [_thread_blocked, id=6992, stack(0x0000000017c20000,0x0000000017d20000)]
  0x0000000015ee4000 JavaThread "C1 CompilerThread2" daemon [_thread_blocked, id=10140, stack(0x0000000017720000,0x0000000017820000)]
  0x0000000015ee0800 JavaThread "C2 CompilerThread1" daemon [_thread_blocked, id=27868, stack(0x0000000017620000,0x0000000017720000)]
=>0x0000000015ee9000 JavaThread "C2 CompilerThread0" daemon [_thread_in_native, id=7156, stack(0x0000000017520000,0x0000000017620000)]
  0x0000000015ee8000 JavaThread "Attach Listener" daemon [_thread_blocked, id=16336, stack(0x0000000017420000,0x0000000017520000)]
  0x0000000015ee6800 JavaThread "Signal Dispatcher" daemon [_thread_blocked, id=34188, stack(0x0000000017320000,0x0000000017420000)]
  0x0000000015ec9800 JavaThread "Finalizer" daemon [_thread_blocked, id=35948, stack(0x0000000017140000,0x0000000017240000)]
  0x0000000002563000 JavaThread "Reference Handler" daemon [_thread_blocked, id=38520, stack(0x0000000017040000,0x0000000017140000)]
  0x0000000000b5d800 JavaThread "main" [_thread_blocked, id=23820, stack(0x0000000002370000,0x0000000002470000)]

Other Threads:
  0x0000000015ea7800 VMThread [stack: 0x0000000016f40000,0x0000000017040000] [id=9488]
  0x0000000015f3d800 WatcherThread [stack: 0x0000000017d20000,0x0000000017e20000] [id=17064]

VM state:not at safepoint (normal execution)

VM Mutex/Monitor currently owned by a thread: None

Heap:
 PSYoungGen      total 91136K, used 18650K [0x00000000e0000000, 0x00000000e7d80000, 0x0000000100000000)
  eden space 79872K, 9% used [0x00000000e0000000,0x00000000e073b148,0x00000000e4e00000)
  from space 11264K, 99% used [0x00000000e4e00000,0x00000000e58fb9e8,0x00000000e5900000)
  to   space 13312K, 0% used [0x00000000e7080000,0x00000000e7080000,0x00000000e7d80000)
 ParOldGen       total 57344K, used 18445K [0x00000000a0000000, 0x00000000a3800000, 0x00000000e0000000)
  object space 57344K, 32% used [0x00000000a0000000,0x00000000a12035e8,0x00000000a3800000)
 Metaspace       used 44031K, capacity 45078K, committed 45440K, reserved 1089536K
  class space    used 5915K, capacity 6182K, committed 6272K, reserved 1048576K

Card table byte_map: [0x0000000011930000,0x0000000011c40000] byte_map_base: 0x0000000011430000

Marking Bits: (ParMarkBitMap*) 0x000000005a1f5aa0
 Begin Bits: [0x0000000012240000, 0x0000000013a40000)
 End Bits:   [0x0000000013a40000, 0x0000000015240000)

Polling page: 0x0000000000b60000

CodeCache: size=245760Kb used=12550Kb max_used=12561Kb free=233209Kb
 bounds [0x0000000002570000, 0x00000000031c0000, 0x0000000011570000]
 total_blobs=4293 nmethods=3545 adapters=661
 compilation: enabled

Compilation events (10 events):
Event: 49.248 Thread 0x0000000015ee4000 nmethod 3828 0x00000000031b8150 code [0x00000000031b8300, 0x00000000031b8718]
Event: 49.258 Thread 0x0000000015ee0800 nmethod 3791 0x00000000031ba510 code [0x00000000031ba920, 0x00000000031bb4f8]
Event: 49.258 Thread 0x0000000015ee0800 3793       4       java.util.regex.Pattern::newSlice (181 bytes)
Event: 49.277 Thread 0x0000000015ee0800 nmethod 3793 0x00000000031b8a50 code [0x00000000031b8ba0, 0x00000000031b8e98]
Event: 49.277 Thread 0x0000000015ee0800 3801       4       kotlin.jvm.internal.Intrinsics::checkParameterIsNotNull (9 bytes)
Event: 49.278 Thread 0x0000000015ee0800 nmethod 3801 0x00000000031bbed0 code [0x00000000031bc000, 0x00000000031bc058]
Event: 49.279 Thread 0x0000000015ee0800 3829       4       kotlin.text.StringsKt__StringsKt::indexOf (47 bytes)
Event: 49.282 Thread 0x0000000015ee4000 3830       1       com.android.tools.build.jetifier.core.pom.PomRewriteRule::getFrom (5 bytes)
Event: 49.283 Thread 0x0000000015ee4000 nmethod 3830 0x00000000031ba250 code [0x00000000031ba3a0, 0x00000000031ba4b0]
Event: 49.289 Thread 0x0000000015ee0800 nmethod 3829 0x00000000031b9d10 code [0x00000000031b9e60, 0x00000000031ba058]

GC Heap History (10 events):
Event: 13.587 GC heap before
{Heap before GC invocations=9 (full 1):
 PSYoungGen      total 71680K, used 64512K [0x00000000e0000000, 0x00000000e4e00000, 0x0000000100000000)
  eden space 64512K, 100% used [0x00000000e0000000,0x00000000e3f00000,0x00000000e3f00000)
  from space 7168K, 0% used [0x00000000e3f00000,0x00000000e3f00000,0x00000000e4600000)
  to   space 6144K, 0% used [0x00000000e4600000,0x00000000e4600000,0x00000000e4c00000)
 ParOldGen       total 36864K, used 10489K [0x00000000a0000000, 0x00000000a2400000, 0x00000000e0000000)
  object space 36864K, 28% used [0x00000000a0000000,0x00000000a0a3e460,0x00000000a2400000)
 Metaspace       used 27860K, capacity 28334K, committed 28672K, reserved 1073152K
  class space    used 3799K, capacity 3997K, committed 4096K, reserved 1048576K
Event: 13.608 GC heap after
Heap after GC invocations=9 (full 1):
 PSYoungGen      total 68096K, used 6137K [0x00000000e0000000, 0x00000000e7780000, 0x0000000100000000)
  eden space 61952K, 0% used [0x00000000e0000000,0x00000000e0000000,0x00000000e3c80000)
  from space 6144K, 99% used [0x00000000e4600000,0x00000000e4bfe448,0x00000000e4c00000)
  to   space 9728K, 0% used [0x00000000e3c80000,0x00000000e3c80000,0x00000000e4600000)
 ParOldGen       total 36864K, used 11550K [0x00000000a0000000, 0x00000000a2400000, 0x00000000e0000000)
  object space 36864K, 31% used [0x00000000a0000000,0x00000000a0b47870,0x00000000a2400000)
 Metaspace       used 27860K, capacity 28334K, committed 28672K, reserved 1073152K
  class space    used 3799K, capacity 3997K, committed 4096K, reserved 1048576K
}
Event: 26.102 GC heap before
{Heap before GC invocations=10 (full 1):
 PSYoungGen      total 68096K, used 68089K [0x00000000e0000000, 0x00000000e7780000, 0x0000000100000000)
  eden space 61952K, 100% used [0x00000000e0000000,0x00000000e3c80000,0x00000000e3c80000)
  from space 6144K, 99% used [0x00000000e4600000,0x00000000e4bfe448,0x00000000e4c00000)
  to   space 9728K, 0% used [0x00000000e3c80000,0x00000000e3c80000,0x00000000e4600000)
 ParOldGen       total 36864K, used 11550K [0x00000000a0000000, 0x00000000a2400000, 0x00000000e0000000)
  object space 36864K, 31% used [0x00000000a0000000,0x00000000a0b47870,0x00000000a2400000)
 Metaspace       used 31539K, capacity 32222K, committed 32384K, reserved 1077248K
  class space    used 4400K, capacity 4618K, committed 4736K, reserved 1048576K
Event: 26.140 GC heap after
Heap after GC invocations=10 (full 1):
 PSYoungGen      total 71680K, used 9412K [0x00000000e0000000, 0x00000000e6600000, 0x0000000100000000)
  eden space 61952K, 0% used [0x00000000e0000000,0x00000000e0000000,0x00000000e3c80000)
  from space 9728K, 96% used [0x00000000e3c80000,0x00000000e45b1030,0x00000000e4600000)
  to   space 11264K, 0% used [0x00000000e5b00000,0x00000000e5b00000,0x00000000e6600000)
 ParOldGen       total 36864K, used 11558K [0x00000000a0000000, 0x00000000a2400000, 0x00000000e0000000)
  object space 36864K, 31% used [0x00000000a0000000,0x00000000a0b49870,0x00000000a2400000)
 Metaspace       used 31539K, capacity 32222K, committed 32384K, reserved 1077248K
  class space    used 4400K, capacity 4618K, committed 4736K, reserved 1048576K
}
Event: 42.243 GC heap before
{Heap before GC invocations=11 (full 1):
 PSYoungGen      total 71680K, used 66818K [0x00000000e0000000, 0x00000000e6600000, 0x0000000100000000)
  eden space 61952K, 92% used [0x00000000e0000000,0x00000000e380fbc0,0x00000000e3c80000)
  from space 9728K, 96% used [0x00000000e3c80000,0x00000000e45b1030,0x00000000e4600000)
  to   space 11264K, 0% used [0x00000000e5b00000,0x00000000e5b00000,0x00000000e6600000)
 ParOldGen       total 36864K, used 11558K [0x00000000a0000000, 0x00000000a2400000, 0x00000000e0000000)
  object space 36864K, 31% used [0x00000000a0000000,0x00000000a0b49870,0x00000000a2400000)
 Metaspace       used 34596K, capacity 35436K, committed 35456K, reserved 1079296K
  class space    used 4763K, capacity 4986K, committed 4992K, reserved 1048576K
Event: 42.284 GC heap after
Heap after GC invocations=11 (full 1):
 PSYoungGen      total 89088K, used 8211K [0x00000000e0000000, 0x00000000e6400000, 0x0000000100000000)
  eden space 79872K, 0% used [0x00000000e0000000,0x00000000e0000000,0x00000000e4e00000)
  from space 9216K, 89% used [0x00000000e5b00000,0x00000000e6304dc8,0x00000000e6400000)
  to   space 11264K, 0% used [0x00000000e4e00000,0x00000000e4e00000,0x00000000e5900000)
 ParOldGen       total 36864K, used 14561K [0x00000000a0000000, 0x00000000a2400000, 0x00000000e0000000)
  object space 36864K, 39% used [0x00000000a0000000,0x00000000a0e38440,0x00000000a2400000)
 Metaspace       used 34596K, capacity 35436K, committed 35456K, reserved 1079296K
  class space    used 4763K, capacity 4986K, committed 4992K, reserved 1048576K
}
Event: 42.284 GC heap before
{Heap before GC invocations=12 (full 2):
 PSYoungGen      total 89088K, used 8211K [0x00000000e0000000, 0x00000000e6400000, 0x0000000100000000)
  eden space 79872K, 0% used [0x00000000e0000000,0x00000000e0000000,0x00000000e4e00000)
  from space 9216K, 89% used [0x00000000e5b00000,0x00000000e6304dc8,0x00000000e6400000)
  to   space 11264K, 0% used [0x00000000e4e00000,0x00000000e4e00000,0x00000000e5900000)
 ParOldGen       total 36864K, used 14561K [0x00000000a0000000, 0x00000000a2400000, 0x00000000e0000000)
  object space 36864K, 39% used [0x00000000a0000000,0x00000000a0e38440,0x00000000a2400000)
 Metaspace       used 34596K, capacity 35436K, committed 35456K, reserved 1079296K
  class space    used 4763K, capacity 4986K, committed 4992K, reserved 1048576K
Event: 42.593 GC heap after
Heap after GC invocations=12 (full 2):
 PSYoungGen      total 89088K, used 0K [0x00000000e0000000, 0x00000000e6400000, 0x0000000100000000)
  eden space 79872K, 0% used [0x00000000e0000000,0x00000000e0000000,0x00000000e4e00000)
  from space 9216K, 0% used [0x00000000e5b00000,0x00000000e5b00000,0x00000000e6400000)
  to   space 11264K, 0% used [0x00000000e4e00000,0x00000000e4e00000,0x00000000e5900000)
 ParOldGen       total 57344K, used 17963K [0x00000000a0000000, 0x00000000a3800000, 0x00000000e0000000)
  object space 57344K, 31% used [0x00000000a0000000,0x00000000a118ad40,0x00000000a3800000)
 Metaspace       used 34591K, capacity 35418K, committed 35456K, reserved 1079296K
  class space    used 4761K, capacity 4983K, committed 4992K, reserved 1048576K
}
Event: 48.948 GC heap before
{Heap before GC invocations=13 (full 2):
 PSYoungGen      total 89088K, used 79872K [0x00000000e0000000, 0x00000000e6400000, 0x0000000100000000)
  eden space 79872K, 100% used [0x00000000e0000000,0x00000000e4e00000,0x00000000e4e00000)
  from space 9216K, 0% used [0x00000000e5b00000,0x00000000e5b00000,0x00000000e6400000)
  to   space 11264K, 0% used [0x00000000e4e00000,0x00000000e4e00000,0x00000000e5900000)
 ParOldGen       total 57344K, used 17963K [0x00000000a0000000, 0x00000000a3800000, 0x00000000e0000000)
  object space 57344K, 31% used [0x00000000a0000000,0x00000000a118ad40,0x00000000a3800000)
 Metaspace       used 43595K, capacity 44656K, committed 44928K, reserved 1087488K
  class space    used 5880K, capacity 6149K, committed 6272K, reserved 1048576K
Event: 48.984 GC heap after
Heap after GC invocations=13 (full 2):
 PSYoungGen      total 91136K, used 11246K [0x00000000e0000000, 0x00000000e7d80000, 0x0000000100000000)
  eden space 79872K, 0% used [0x00000000e0000000,0x00000000e0000000,0x00000000e4e00000)
  from space 11264K, 99% used [0x00000000e4e00000,0x00000000e58fb9e8,0x00000000e5900000)
  to   space 13312K, 0% used [0x00000000e7080000,0x00000000e7080000,0x00000000e7d80000)
 ParOldGen       total 57344K, used 18445K [0x00000000a0000000, 0x00000000a3800000, 0x00000000e0000000)
  object space 57344K, 32% used [0x00000000a0000000,0x00000000a12035e8,0x00000000a3800000)
 Metaspace       used 43595K, capacity 44656K, committed 44928K, reserved 1087488K
  class space    used 5880K, capacity 6149K, committed 6272K, reserved 1048576K
}

Deoptimization events (10 events):
Event: 46.693 Thread 0x00000000186c6800 Uncommon trap: reason=unstable_if action=reinterpret pc=0x0000000002a6f58c method=java.util.jar.Attributes$Name.isDigit(C)Z @ 3
Event: 46.726 Thread 0x00000000186c6800 Uncommon trap: reason=unstable_if action=reinterpret pc=0x0000000002f61b20 method=java.lang.ThreadLocal.get()Ljava/lang/Object; @ 11
Event: 46.809 Thread 0x00000000186c6800 Uncommon trap: reason=unstable_if action=reinterpret pc=0x000000000275d8d8 method=java.util.HashMap.putVal(ILjava/lang/Object;Ljava/lang/Object;ZZ)Ljava/lang/Object; @ 236
Event: 46.887 Thread 0x00000000186c6800 Uncommon trap: reason=unstable_if action=reinterpret pc=0x0000000002a572bc method=java.lang.CharacterDataLatin1.isWhitespace(I)Z @ 14
Event: 47.153 Thread 0x00000000186c6800 Uncommon trap: reason=unstable_if action=reinterpret pc=0x0000000002eceb2c method=java.util.jar.JarFile.getInputStream(Ljava/util/zip/ZipEntry;)Ljava/io/InputStream; @ 37
Event: 47.165 Thread 0x00000000186c6800 Uncommon trap: reason=unstable_if action=reinterpret pc=0x0000000003026340 method=java.util.jar.JarFile$JarFileEntry.getCodeSigners()[Ljava/security/CodeSigner; @ 24
Event: 47.184 Thread 0x00000000186c6800 Uncommon trap: reason=unstable_if action=reinterpret pc=0x000000000267cc6c method=java.security.CodeSource.getCertificates()[Ljava/security/cert/Certificate; @ 22
Event: 47.186 Thread 0x00000000186c6800 Uncommon trap: reason=unstable_if action=reinterpret pc=0x0000000002fca4c4 method=java.security.CodeSource.matchCerts(Ljava/security/CodeSource;Z)Z @ 11
Event: 47.281 Thread 0x00000000186c6800 Uncommon trap: reason=unstable_if action=reinterpret pc=0x0000000002fd0a90 method=java.util.LinkedHashMap.get(Ljava/lang/Object;)Ljava/lang/Object; @ 20
Event: 47.611 Thread 0x00000000186c6800 Uncommon trap: reason=unstable_if action=reinterpret pc=0x0000000002e19a28 method=org.objectweb.asm.ByteVector.putUTF8(Ljava/lang/String;)Lorg/objectweb/asm/ByteVector; @ 93

Classes redefined (0 events):
No events

Internal exceptions (10 events):
Event: 41.776 Thread 0x00000000186c6800 Exception <a 'java/lang/ClassNotFoundException': build_en9qp3vt58ozw5v66kns4b97fBeanInfo> (0x00000000e3559c80) thrown at [D:\src\AOSP-openjdk-cygwin\jdk8u\hotspot\src\share\vm\classfile\systemDictionary.cpp, line 210]
Event: 41.777 Thread 0x00000000186c6800 Exception <a 'java/lang/ClassNotFoundException': build_en9qp3vt58ozw5v66kns4b97fCustomizer> (0x00000000e3564ed8) thrown at [D:\src\AOSP-openjdk-cygwin\jdk8u\hotspot\src\share\vm\classfile\systemDictionary.cpp, line 210]
Event: 43.782 Thread 0x00000000186c6800 Implicit null exception at 0x0000000002eb5395 to 0x0000000002eb567d
Event: 44.474 Thread 0x00000000186c6800 Exception <a 'sun/nio/fs/WindowsException'> (0x00000000e0d685c0) thrown at [D:\src\AOSP-openjdk-cygwin\jdk8u\hotspot\src\share\vm\prims\jni.cpp, line 709]
Event: 45.933 Thread 0x00000000186c6800 Exception <a 'sun/nio/fs/WindowsException'> (0x00000000e1bb2bc8) thrown at [D:\src\AOSP-openjdk-cygwin\jdk8u\hotspot\src\share\vm\prims\jni.cpp, line 709]
Event: 46.726 Thread 0x00000000186c6800 Implicit null exception at 0x0000000002f615e8 to 0x0000000002f61b09
Event: 48.065 Thread 0x00000000186c6800 Exception <a 'java/lang/ClassNotFoundException': com/android/build/gradle/internal/api/DefaultAndroidSourceSet_DecoratedBeanInfo> (0x00000000e3f999f0) thrown at [D:\src\AOSP-openjdk-cygwin\jdk8u\hotspot\src\share\vm\classfile\systemDictionary.cpp, line 21
Event: 48.067 Thread 0x00000000186c6800 Exception <a 'java/lang/ClassNotFoundException': com/android/build/gradle/internal/api/DefaultAndroidSourceSetBeanInfo> (0x00000000e3fb5550) thrown at [D:\src\AOSP-openjdk-cygwin\jdk8u\hotspot\src\share\vm\classfile\systemDictionary.cpp, line 210]
Event: 48.068 Thread 0x00000000186c6800 Exception <a 'java/lang/ClassNotFoundException': com/android/build/gradle/internal/api/DefaultAndroidSourceSetCustomizer> (0x00000000e3fd1580) thrown at [D:\src\AOSP-openjdk-cygwin\jdk8u\hotspot\src\share\vm\classfile\systemDictionary.cpp, line 210]
Event: 48.078 Thread 0x00000000186c6800 Exception <a 'java/lang/ClassNotFoundException': com/android/build/gradle/internal/api/DefaultAndroidSourceSet_DecoratedCustomizer> (0x00000000e4046cf8) thrown at [D:\src\AOSP-openjdk-cygwin\jdk8u\hotspot\src\share\vm\classfile\systemDictionary.cpp, line 

Events (10 events):
Event: 49.286 loading class com/android/tools/build/jetifier/core/pom/DependencyVersions$Companion
Event: 49.286 loading class com/android/tools/build/jetifier/core/pom/DependencyVersions$Companion done
Event: 49.291 loading class com/android/tools/build/jetifier/processor/transform/TransformationContext
Event: 49.291 loading class com/android/tools/build/jetifier/processor/transform/TransformationContext done
Event: 49.296 loading class com/android/tools/build/jetifier/core/TypeRewriter
Event: 49.296 loading class com/android/tools/build/jetifier/core/TypeRewriter done
Event: 49.298 loading class com/android/tools/build/jetifier/core/TypeRewriter$Companion
Event: 49.298 loading class com/android/tools/build/jetifier/core/TypeRewriter$Companion done
Event: 49.299 loading class com/android/tools/build/jetifier/processor/transform/Transformer
Event: 49.299 loading class com/android/tools/build/jetifier/processor/transform/Transformer done


Dynamic libraries:
0x00007ff6b5f30000 - 0x00007ff6b5f61000 	C:\Program Files\Android\Android Studio1\jre\bin\java.exe
0x00007fffcfb60000 - 0x00007fffcfd0d000 	C:\Windows\SYSTEM32\ntdll.dll
0x00007fffcd440000 - 0x00007fffcd57f000 	C:\Windows\system32\KERNEL32.DLL
0x00007fffcd020000 - 0x00007fffcd135000 	C:\Windows\system32\KERNELBASE.dll
0x00007fffce260000 - 0x00007fffce30a000 	C:\Windows\system32\ADVAPI32.dll
0x00007fffcdc50000 - 0x00007fffcddc7000 	C:\Windows\system32\USER32.dll
0x00007fffca7b0000 - 0x00007fffcaa2b000 	C:\Windows\WinSxS\amd64_microsoft.windows.common-controls_6595b64144ccf1df_6.0.9600.19394_none_62486577ecb635cf\COMCTL32.dll
0x00007fffcd580000 - 0x00007fffcd62a000 	C:\Windows\system32\msvcrt.dll
0x00007fffcd2c0000 - 0x00007fffcd319000 	C:\Windows\SYSTEM32\sechost.dll
0x00007fffcd8a0000 - 0x00007fffcd9e0000 	C:\Windows\system32\RPCRT4.dll
0x00007fffce110000 - 0x00007fffce25c000 	C:\Windows\system32\GDI32.dll
0x00007fffccfa0000 - 0x00007fffccfce000 	C:\Windows\system32\SspiCli.dll
0x00007fffcd400000 - 0x00007fffcd436000 	C:\Windows\system32\IMM32.DLL
0x00007fffcf840000 - 0x00007fffcf991000 	C:\Windows\system32\MSCTF.dll
0x00000000593e0000 - 0x00000000594b2000 	C:\Program Files\Android\Android Studio1\jre\jre\bin\msvcr100.dll
0x0000000059a30000 - 0x000000005a271000 	C:\Program Files\Android\Android Studio1\jre\jre\bin\server\jvm.dll
0x00007fffc7070000 - 0x00007fffc7079000 	C:\Windows\SYSTEM32\WSOCK32.dll
0x00007fffc7a40000 - 0x00007fffc7a62000 	C:\Windows\SYSTEM32\WINMM.dll
0x00007fffc6db0000 - 0x00007fffc6dba000 	C:\Windows\SYSTEM32\VERSION.dll
0x00007fffcdbc0000 - 0x00007fffcdbc7000 	C:\Windows\system32\PSAPI.DLL
0x00007fffcdbf0000 - 0x00007fffcdc4a000 	C:\Windows\system32\WS2_32.dll
0x00007fffc7a10000 - 0x00007fffc7a3a000 	C:\Windows\SYSTEM32\WINMMBASE.dll
0x00007fffcd3e0000 - 0x00007fffcd3e9000 	C:\Windows\system32\NSI.dll
0x00007fffccfd0000 - 0x00007fffcd01f000 	C:\Windows\SYSTEM32\cfgmgr32.dll
0x00007fffcbab0000 - 0x00007fffcbad8000 	C:\Windows\SYSTEM32\DEVOBJ.dll
0x00007fffc9340000 - 0x00007fffc934f000 	C:\Program Files\Android\Android Studio1\jre\jre\bin\verify.dll
0x00007fffbe720000 - 0x00007fffbe749000 	C:\Program Files\Android\Android Studio1\jre\jre\bin\java.dll
0x00007fffbe950000 - 0x00007fffbe966000 	C:\Program Files\Android\Android Studio1\jre\jre\bin\zip.dll
0x00007fffce310000 - 0x00007fffcf83b000 	C:\Windows\system32\SHELL32.dll
0x00007fffcdf00000 - 0x00007fffce110000 	C:\Windows\SYSTEM32\combase.dll
0x00007fffcd1f0000 - 0x00007fffcd244000 	C:\Windows\system32\SHLWAPI.dll
0x00007fffcb200000 - 0x00007fffcb2b2000 	C:\Windows\SYSTEM32\SHCORE.dll
0x00007fffccc90000 - 0x00007fffccca5000 	C:\Windows\SYSTEM32\profapi.dll
0x00007fffbdb30000 - 0x00007fffbdb4a000 	C:\Program Files\Android\Android Studio1\jre\jre\bin\net.dll
0x00007fffcc4c0000 - 0x00007fffcc519000 	C:\Windows\system32\mswsock.dll
0x00007fffcaee0000 - 0x00007fffcaef1000 	C:\Program Files\Android\Android Studio1\jre\jre\bin\nio.dll
0x00007fffcaf10000 - 0x00007fffcaf2e000 	C:\Users\Dinesh\.gradle\native\25\windows-amd64\native-platform.dll
0x00007fffc8bc0000 - 0x00007fffc8bcd000 	C:\Program Files\Android\Android Studio1\jre\jre\bin\management.dll
0x00007fffcc520000 - 0x00007fffcc540000 	C:\Windows\SYSTEM32\CRYPTSP.dll
0x00007fffcc140000 - 0x00007fffcc176000 	C:\Windows\system32\rsaenh.dll
0x00007fffcc770000 - 0x00007fffcc796000 	C:\Windows\SYSTEM32\bcrypt.dll
0x00007fffcc250000 - 0x00007fffcc271000 	C:\Windows\SYSTEM32\USERENV.dll
0x00007fffccb60000 - 0x00007fffccbc3000 	C:\Windows\system32\bcryptprimitives.dll
0x00007fffccbd0000 - 0x00007fffccbdb000 	C:\Windows\SYSTEM32\CRYPTBASE.dll
0x00007fffc9fd0000 - 0x00007fffc9ffa000 	C:\Windows\SYSTEM32\IPHLPAPI.DLL
0x00007fffc9e30000 - 0x00007fffc9e3a000 	C:\Windows\SYSTEM32\WINNSI.DLL
0x00007fffc7740000 - 0x00007fffc7756000 	C:\Windows\SYSTEM32\dhcpcsvc6.DLL
0x00007fffc7720000 - 0x00007fffc773a000 	C:\Windows\SYSTEM32\dhcpcsvc.DLL

VM Arguments:
jvm_args: -Xmx1536m -Dfile.encoding=windows-1252 -Duser.country=IN -Duser.language=en -Duser.variant 
java_command: org.gradle.launcher.daemon.bootstrap.GradleDaemon 5.1.1
java_class_path (initial): C:\Users\Dinesh\.gradle\wrapper\dists\gradle-5.1.1-all\97z1ksx6lirer3kbvdnh7jtjg\gradle-5.1.1\lib\gradle-launcher-5.1.1.jar
Launcher Type: SUN_STANDARD

Environment Variables:
JAVA_HOME=C:\Program Files\Java\jdk1.8.0_191
CLASSPATH=.;
PATH=C:\Python27\;C:\Python27\Scripts;C:\Program Files (x86)\Common Files\Oracle\Java\javapath;C:\Windows\system32;C:\Windows;C:\Windows\System32\Wbem;C:\Windows\System32\WindowsPowerShell\v1.0\;C:\Program Files\Hewlett-Packard\SimplePass\;C:\ProgramData\chocolatey\bin;C:\Program Files\Java\jdk1.8.0_191\bin;C:\Program Files\nodejs\;C:\Program Files (x86)\Git\cmd;C:\adabas\bin;C:\adabas\pgm;C:\Users\Dinesh\AppData\Roaming\npm
USERNAME=Dinesh
OS=Windows_NT
PROCESSOR_IDENTIFIER=Intel64 Family 6 Model 69 Stepping 1, GenuineIntel



---------------  S Y S T E M  ---------------

OS: Windows 8.1 , 64 bit Build 9600 (6.3.9600.19358)

CPU:total 4 (initial active 4) (2 cores per cpu, 2 threads per core) family 6 model 69 stepping 1, cmov, cx8, fxsr, mmx, sse, sse2, sse3, ssse3, sse4.1, sse4.2, popcnt, avx, avx2, aes, clmul, erms, lzcnt, ht, tsc, tscinvbit, bmi1, bmi2

Memory: 4k page, physical 4124504k(256472k free), swap 16707416k(4792k free)

vm_info: OpenJDK 64-Bit Server VM (25.152-b01) for windows-amd64 JRE (1.8.0_152-release-1343-b01), built by "builder" with MS VC++ 10.0 (VS2010)

time: Mon Aug 19 17:18:11 2019
elapsed time: 49 seconds (0d 0h 0m 49s)

