JvmtiExport can_access_local_variables 0
JvmtiExport can_hotswap_or_post_breakpoint 0
JvmtiExport can_post_on_exceptions 0
# 454 ciObject found
ciMethod java/lang/Object <init> ()V 4097 1 265780 0 0
ciMethod java/lang/Object hashCode ()I 2049 1 256 0 -1
ciMethod java/lang/Object equals (Ljava/lang/Object;)Z 2057 1 7360 0 -1
ciMethod java/lang/Object clone ()Ljava/lang/Object; 3073 1 384 0 -1
ciMethod java/lang/String <init> ([CII)V 2873 1 5537 0 704
ciMethod java/lang/String <init> ([BIILjava/lang/String;)V 2097 1 1278 0 -1
ciMethod java/lang/String <init> ([CZ)V 2049 1 11630 0 64
ciMethod java/lang/String length ()I 3129 1 127886 0 0
ciMethod java/lang/String charAt (I)C 4097 1 832366 0 -1
ciMethod java/lang/String codePointAt (I)I 881 1 5807 0 -1
ciMethod java/lang/String getChars ([CI)V 2049 1 5407 0 0
ciMethod java/lang/String equals (Ljava/lang/Object;)Z 2177 12537 7751 0 -1
ciMethod java/lang/String equalsIgnoreCase (Ljava/lang/String;)Z 2073 1 5464 0 1472
ciMethod java/lang/String regionMatches (ZILjava/lang/String;II)Z 1673 625 5348 0 1920
ciMethod java/lang/String hashCode ()I 2705 32769 1040 0 288
ciMethod java/lang/String lastIndexOf (I)I 2057 1 21644 0 288
ciMethod java/lang/String lastIndexOf (II)I 881 49897 935 0 288
ciMethod java/lang/String lastIndexOfSupplementary (II)I 0 0 1 0 -1
ciMethod java/lang/String substring (II)Ljava/lang/String; 2057 1 5421 0 992
ciMethod java/lang/String concat (Ljava/lang/String;)Ljava/lang/String; 2049 1 5407 0 896
ciMethod java/lang/String replace (CC)Ljava/lang/String; 969 49329 833 0 1152
ciMethod java/lang/String toUpperCase (Ljava/util/Locale;)Ljava/lang/String; 1137 27937 905 0 2336
ciMethod java/lang/ClassLoader defineClass (Ljava/lang/String;[BIILjava/security/ProtectionDomain;)Ljava/lang/Class; 2193 1 4509 0 -1
ciMethod java/lang/ClassLoader definePackage (Ljava/lang/String;Ljava/lang/String;Ljava/lang/String;Ljava/lang/String;Ljava/lang/String;Ljava/lang/String;Ljava/lang/String;Ljava/net/URL;)Ljava/lang/Package; 953 1 529 0 0
ciMethod java/lang/ClassLoader getPackage (Ljava/lang/String;)Ljava/lang/Package; 2089 1 5396 0 4032
ciMethod java/lang/System nanoTime ()J 2049 1 256 0 -1
ciMethod java/lang/System arraycopy (Ljava/lang/Object;ILjava/lang/Object;II)V 4097 1 512 0 -1
ciMethod java/lang/Throwable addSuppressed (Ljava/lang/Throwable;)V 0 0 1 0 0
ciMethod java/security/SecureClassLoader defineClass (Ljava/lang/String;[BIILjava/security/CodeSource;)Ljava/lang/Class; 2193 1 4467 0 0
ciMethod java/security/SecureClassLoader defineClass (Ljava/lang/String;Ljava/nio/ByteBuffer;Ljava/security/CodeSource;)Ljava/lang/Class; 0 0 1 0 -1
ciMethod java/security/SecureClassLoader getProtectionDomain (Ljava/security/CodeSource;)Ljava/security/ProtectionDomain; 2193 1 4487 0 -1
ciMethod java/lang/ref/Reference get ()Ljava/lang/Object; 1025 1 128 0 -1
ciMethod java/lang/ref/Reference <init> (Ljava/lang/Object;)V 3153 1 6874 0 0
ciMethod java/lang/ref/Reference <init> (Ljava/lang/Object;Ljava/lang/ref/ReferenceQueue;)V 3081 1 19472 0 0
ciMethod java/lang/ref/SoftReference <init> (Ljava/lang/Object;)V 1945 1 2364 0 0
ciMethod java/lang/ref/SoftReference get ()Ljava/lang/Object; 2049 1 12784 0 96
ciMethod java/lang/Thread currentThread ()Ljava/lang/Thread; 3073 1 384 0 -1
ciMethod java/lang/Thread interrupt ()V 0 0 1 0 -1
ciMethod java/lang/Thread interrupted ()Z 3217 1 6666 0 -1
ciMethod java/util/Map get (Ljava/lang/Object;)Ljava/lang/Object; 0 0 1 0 -1
ciMethod java/util/Map put (Ljava/lang/Object;Ljava/lang/Object;)Ljava/lang/Object; 0 0 1 0 -1
ciMethod java/util/Hashtable <init> (IF)V 2049 1 672 0 0
ciMethod java/util/Hashtable <init> (I)V 1329 1 165 0 0
ciMethod java/util/Hashtable <init> ()V 2049 1 507 0 0
ciMethod java/util/Dictionary <init> ()V 2041 1 672 0 0
ciMethod java/lang/StringBuilder <init> ()V 945 1 18170 0 -1
ciMethod java/lang/StringBuilder append (Ljava/lang/String;)Ljava/lang/StringBuilder; 2065 1 35953 0 -1
ciMethod java/lang/StringBuilder toString ()Ljava/lang/String; 1025 1 19814 0 -1
ciMethod java/io/ByteArrayInputStream <init> ([B)V 185 1 166 0 0
ciMethod java/io/InputStream <init> ()V 2049 1 10821 0 0
ciMethod java/io/InputStream read ([BII)I 9 1537 1 0 -1
ciMethod java/io/InputStream close ()V 0 0 1 0 -1
ciMethod java/net/URLClassLoader getAndVerifyPackage (Ljava/lang/String;Ljava/util/jar/Manifest;Ljava/net/URL;)Ljava/lang/Package; 3217 1 4226 0 0
ciMethod java/net/URLClassLoader definePackageInternal (Ljava/lang/String;Ljava/util/jar/Manifest;Ljava/net/URL;)V 2193 1 4214 0 0
ciMethod java/net/URLClassLoader defineClass (Ljava/lang/String;Lsun/misc/Resource;)Ljava/lang/Class; 1161 1 4217 0 0
ciMethod java/net/URLClassLoader definePackage (Ljava/lang/String;Ljava/util/jar/Manifest;Ljava/net/URL;)Ljava/lang/Package; 953 1 511 0 0
ciMethod java/net/URLClassLoader isSealed (Ljava/lang/String;Ljava/util/jar/Manifest;)Z 2049 1 3702 0 0
ciMethod java/net/URLClassLoader access$000 (Ljava/net/URLClassLoader;)Lsun/misc/URLClassPath; 1033 1 129 0 0
ciMethod java/net/URLClassLoader access$100 (Ljava/net/URLClassLoader;Ljava/lang/String;Lsun/misc/Resource;)Ljava/lang/Class; 1161 1 4215 0 0
ciMethod java/util/jar/Manifest <init> (Ljava/io/InputStream;)V 185 1 164 0 0
ciMethod java/util/jar/Manifest getMainAttributes ()Ljava/util/jar/Attributes; 1025 1 128 0 0
ciMethod java/util/jar/Manifest getEntries ()Ljava/util/Map; 1025 1 128 0 0
ciMethod java/util/jar/Manifest getAttributes (Ljava/lang/String;)Ljava/util/jar/Attributes; 2921 1 4320 0 0
ciMethod java/util/jar/Manifest read (Ljava/io/InputStream;)V 185 1 165 0 -1
ciMethod java/util/jar/Manifest parseName ([BI)Ljava/lang/String; 401 1 50 0 -1
ciMethod java/security/CodeSource <init> (Ljava/net/URL;[Ljava/security/CodeSigner;)V 2193 1 4467 0 0
ciMethod java/lang/Character charCount (I)I 1185 1 11714 0 -1
ciMethod java/lang/Character toChars (I[CI)I 0 0 1 0 -1
ciMethod java/lang/Character toChars (I)[C 0 0 1 0 -1
ciMethod java/lang/Character toLowerCase (C)C 2057 1 15513 0 192
ciMethod java/lang/Character toLowerCase (I)I 4097 1 197653 0 160
ciMethod java/lang/Character toUpperCase (C)C 2049 1 13877 0 192
ciMethod java/lang/Character toUpperCase (I)I 2049 1 13877 0 0
ciMethod java/lang/Character toUpperCaseEx (I)I 2073 1 30731 0 -1
ciMethod java/lang/Character toUpperCaseCharArray (I)[C 0 0 1 0 -1
ciMethod java/lang/Float isNaN (F)Z 2049 1 3531 0 0
ciMethod java/lang/Float floatToRawIntBits (F)I 9 1 1 0 -1
ciMethod java/util/Comparator compare (Ljava/lang/Object;Ljava/lang/Object;)I 0 0 1 0 -1
ciMethod java/util/List add (Ljava/lang/Object;)Z 0 0 1 0 -1
ciMethod java/util/AbstractList <init> ()V 2081 1 12220 0 0
ciMethod java/util/AbstractCollection <init> ()V 425 1 16839 0 32
ciMethod java/util/ArrayList <init> (I)V 3073 1 2931 0 -1
ciMethod java/util/ArrayList <init> ()V 1289 1 5389 0 64
ciMethod java/util/AbstractMap <init> ()V 521 1 5376 0 0
ciMethod java/util/HashMap hash (Ljava/lang/Object;)I 2089 1 28328 0 160
ciMethod java/util/HashMap tableSizeFor (I)I 2065 1 1896 0 -1
ciMethod java/util/HashMap <init> (IF)V 2065 1 1891 0 0
ciMethod java/util/HashMap <init> (I)V 1217 1 1158 0 0
ciMethod java/util/HashMap <init> ()V 201 1 2205 0 0
ciMethod java/util/HashMap get (Ljava/lang/Object;)Ljava/lang/Object; 2049 1 16684 0 672
ciMethod java/util/HashMap getNode (ILjava/lang/Object;)Ljava/util/HashMap$Node; 2065 9 5411 0 544
ciMethod java/util/HashMap put (Ljava/lang/Object;Ljava/lang/Object;)Ljava/lang/Object; 1233 1 5945 0 -1
ciMethod java/lang/Math max (II)I 633 1 51442 0 -1
ciMethod java/lang/Math min (II)I 3369 1 64969 0 -1
ciMethod java/lang/Math min (FF)F 2049 1 719 0 0
ciMethod java/io/OutputStream <init> ()V 2057 1 822 0 0
ciMethod java/util/Arrays copyOf ([BI)[B 2057 1 16075 0 -1
ciMethod java/util/Arrays copyOf ([CI)[C 993 1 20718 0 0
ciMethod java/util/Arrays copyOfRange ([CII)[C 3073 1 5565 0 512
ciMethodData java/lang/Object <init> ()V 2 265783 orig 264 56 173 253 89 0 0 0 0 128 4 222 20 0 0 0 0 32 1 0 0 0 0 0 0 0 0 0 0 0 0 0 0 0 0 0 0 0 0 0 0 0 0 0 0 0 0 0 0 0 0 0 0 0 0 0 0 0 0 0 0 0 0 0 0 0 0 0 0 0 0 0 0 0 0 0 0 0 0 0 0 77 68 79 32 101 120 116 114 97 32 100 97 116 97 32 108 111 99 107 0 0 0 0 0 0 0 0 0 0 0 0 0 0 0 0 0 0 0 0 0 0 0 0 0 0 0 0 0 0 0 0 0 0 0 0 0 0 0 0 0 0 0 0 0 0 0 0 0 0 0 0 0 0 0 0 0 0 0 0 0 0 0 0 0 0 0 0 0 0 0 0 0 0 0 0 0 0 0 0 0 0 0 0 0 1 0 0 0 0 0 0 0 1 0 0 0 0 0 0 0 1 0 0 0 0 0 0 0 0 0 0 0 0 0 0 0 0 2 0 0 185 97 32 0 1 0 0 0 0 0 0 0 0 0 0 0 2 0 0 0 0 0 3 0 1 0 0 0 0 0 0 0 255 255 255 255 0 0 0 0 0 0 0 0 data 0 oops 0
ciMethod java/lang/IllegalArgumentException <init> (Ljava/lang/String;)V 0 0 1 0 -1
ciMethod java/util/Locale getLanguage ()Ljava/lang/String; 489 1 2021 0 -1
ciMethod java/lang/CharacterData toLowerCase (I)I 0 0 1 0 -1
ciMethod java/lang/CharacterData toUpperCase (I)I 0 0 1 0 -1
ciMethod java/lang/CharacterData of (I)Ljava/lang/CharacterData; 4097 1 7129 0 96
ciMethod java/lang/CharacterDataLatin1 getProperties (I)I 4097 1 31714 0 -1
ciMethod java/lang/CharacterDataLatin1 toLowerCase (I)I 4097 1 10615 0 160
ciMethod java/lang/CharacterDataLatin1 toUpperCase (I)I 3073 1 5509 0 160
ciMethod java/util/HashMap$TreeNode getTreeNode (ILjava/lang/Object;)Ljava/util/HashMap$TreeNode; 0 0 1 0 -1
ciMethodData java/lang/Character toLowerCase (I)I 2 197653 orig 264 56 173 253 89 0 0 0 0 160 178 231 20 0 0 0 0 136 1 0 0 0 0 0 0 0 0 0 0 0 0 0 0 0 0 0 0 0 0 0 0 0 0 0 0 0 0 0 0 0 0 0 0 0 0 0 0 0 0 0 0 0 0 0 0 0 0 0 0 0 0 0 0 0 0 0 0 0 0 0 0 77 68 79 32 101 120 116 114 97 32 100 97 116 97 32 108 111 99 107 0 0 0 0 0 0 0 0 0 0 0 0 0 0 0 0 0 0 0 0 0 0 0 0 0 0 0 0 0 0 0 0 0 0 0 0 0 0 0 0 0 0 0 0 0 0 0 0 0 0 0 0 0 0 0 0 0 0 0 0 0 0 0 0 0 0 0 0 0 0 0 0 0 0 0 0 0 0 0 0 0 0 0 0 0 0 0 0 0 0 0 0 0 0 0 0 0 0 0 0 0 0 0 0 0 0 0 0 0 0 0 0 0 0 0 0 0 0 2 0 0 169 16 24 0 1 0 0 0 0 0 0 0 0 0 0 0 2 0 0 0 0 0 3 0 2 0 0 0 64 0 0 0 255 255 255 255 2 0 1 0 0 0 0 0 data 8 0x10002 0x30215 0x50005 0x0 0x1873a570 0x30215 0x0 0x0 oops 1